<?xml version="1.0" encoding="UTF-8"?>
<!-- Generated by org.testng.reporters.JUnitXMLReporter -->
<testsuite ignored="0" hostname="DESKTOP-O6I509E" failures="0" tests="1" name="test-runner-chrome" time="30.54" errors="0" timestamp="2023-01-13T10:00:38 IST">
  <testcase classname="Hr_Head_Login.CreateCorporate" name="createCorporate" time="6.508"/>
</testsuite> <!-- test-runner-chrome -->
