<?xml version="1.0" encoding="UTF-8"?>
<!-- Generated by org.testng.reporters.JUnitXMLReporter -->
<testsuite ignored="0" hostname="DESKTOP-O6I509E" failures="0" tests="1" name="test-runner-firefox" time="25.583" errors="0" timestamp="2023-01-13T10:00:34 IST">
  <testcase classname="Hr_Head_Login.CreateBranchHrHead" name="createBranch" time="4.758"/>
</testsuite> <!-- test-runner-firefox -->
