<?xml version="1.0" encoding="UTF-8"?>
<!-- Generated by org.testng.reporters.JUnitReportReporter -->
<testsuite hostname="DESKTOP-O6I509E" failures="0" tests="1" name="Hr_Head_Login.CreateEmployee" time="40.323" errors="0" timestamp="2023-01-12T12:10:59 IST" skipped="0">
  <testcase classname="Hr_Head_Login.CreateEmployee" name="addEmplyHr" time="40.323"/>
  <system-out/>
</testsuite> <!-- Hr_Head_Login.CreateEmployee -->
