<?xml version="1.0" encoding="UTF-8"?>
<!-- Generated by org.testng.reporters.JUnitReportReporter -->
<testsuite hostname="DESKTOP-O6I509E" failures="0" tests="1" name="Hr_Head_Login.AddEmployeeHrhead" time="44.379" errors="0" timestamp="2023-01-10T17:14:21 IST" skipped="0">
  <testcase classname="Hr_Head_Login.AddEmployeeHrhead" name="addEmplyHr" time="44.379"/>
  <system-out/>
</testsuite> <!-- Hr_Head_Login.AddEmployeeHrhead -->
