<?xml version="1.0" encoding="UTF-8"?>
<!-- Generated by org.testng.reporters.JUnitReportReporter -->
<testsuite hostname="DESKTOP-O6I509E" failures="0" tests="2" name="Practice_Package.Sample3" time="0.015" errors="0" timestamp="2023-01-12T10:39:33 IST" skipped="0">
  <testcase classname="Practice_Package.Sample3" name="deleteBranch" time="0.013"/>
  <system-out/>
  <testcase classname="Practice_Package.Sample3" name="updateBranch" time="0.002"/>
  <system-out/>
</testsuite> <!-- Practice_Package.Sample3 -->
