<?xml version="1.0" encoding="UTF-8"?>
<!-- Generated by org.testng.reporters.JUnitReportReporter -->
<testsuite hostname="DESKTOP-O6I509E" failures="0" tests="2" name="Practice_Package.SampleAnnotation" time="0.023" errors="0" timestamp="2023-01-09T16:47:41 IST" skipped="0">
  <testcase classname="Practice_Package.SampleAnnotation" name="editEmployee" time="0.014"/>
  <system-out/>
  <testcase classname="Practice_Package.SampleAnnotation" name="addEmployee" time="0.009"/>
  <system-out/>
</testsuite> <!-- Practice_Package.SampleAnnotation -->
