<?xml version="1.0" encoding="UTF-8"?>
<!-- Generated by org.testng.reporters.JUnitReportReporter -->
<testsuite hostname="DESKTOP-O6I509E" failures="0" tests="5" name="Practice_Package.DataProvider" time="0.036" errors="0" timestamp="2023-01-09T12:34:18 IST" skipped="0">
  <testcase classname="Practice_Package.DataProvider" name="readData" time="0.005"/>
  <system-out/>
  <testcase classname="Practice_Package.DataProvider" name="readData" time="0.006"/>
  <system-out/>
  <testcase classname="Practice_Package.DataProvider" name="readData" time="0.011"/>
  <system-out/>
  <testcase classname="Practice_Package.DataProvider" name="readData" time="0.006"/>
  <system-out/>
  <testcase classname="Practice_Package.DataProvider" name="readData" time="0.008"/>
  <system-out/>
</testsuite> <!-- Practice_Package.DataProvider -->
