<?xml version="1.0" encoding="UTF-8"?>
<!-- Generated by org.testng.reporters.JUnitReportReporter -->
<testsuite hostname="DESKTOP-O6I509E" failures="0" tests="4" name="Practice_Package.SamplePractice" time="0.017" errors="0" timestamp="2023-01-08T00:47:25 IST" skipped="0">
  <testcase classname="Practice_Package.SamplePractice" name="update" time="0.003"/>
  <system-out>
    <![CDATA[updated]]>
  </system-out>
  <testcase classname="Practice_Package.SamplePractice" name="delete" time="0.011"/>
  <system-out>
    <![CDATA[deleted]]>
  </system-out>
  <testcase classname="Practice_Package.SamplePractice" name="create" time="0.002"/>
  <system-out>
    <![CDATA[created]]>
  </system-out>
  <testcase classname="Practice_Package.SamplePractice" name="create" time="0.001"/>
  <system-out>
    <![CDATA[created]]>
  </system-out>
</testsuite> <!-- Practice_Package.SamplePractice -->
