<?xml version="1.0" encoding="UTF-8"?>
<!-- Generated by org.testng.reporters.JUnitReportReporter -->
<testsuite hostname="DESKTOP-O6I509E" failures="0" tests="2" name="Practice_Package.Sample2" time="0.006" errors="0" timestamp="2023-01-12T10:39:33 IST" skipped="0">
  <testcase classname="Practice_Package.Sample2" name="deleteEmployee" time="0.001"/>
  <system-out/>
  <testcase classname="Practice_Package.Sample2" name="createBranch" time="0.005"/>
  <system-out/>
</testsuite> <!-- Practice_Package.Sample2 -->
